Determining if the include file malloc/malloc.h exists failed with the following output:
Change Dir: /home/pegasus/Documents/LLVM_Rust/CCR-master/llvm/mybuilddir/CMakeFiles/CMakeScratch/TryCompile-F5IWnT

Run Build Command(s):/usr/bin/gmake -f Makefile cmTC_64e37/fast && /usr/bin/gmake  -f CMakeFiles/cmTC_64e37.dir/build.make CMakeFiles/cmTC_64e37.dir/build
gmake[1]: Entering directory '/home/pegasus/Documents/LLVM_Rust/CCR-master/llvm/mybuilddir/CMakeFiles/CMakeScratch/TryCompile-F5IWnT'
Building C object CMakeFiles/cmTC_64e37.dir/CheckIncludeFile.c.o
/usr/bin/cc    -o CMakeFiles/cmTC_64e37.dir/CheckIncludeFile.c.o -c /home/pegasus/Documents/LLVM_Rust/CCR-master/llvm/mybuilddir/CMakeFiles/CMakeScratch/TryCompile-F5IWnT/CheckIncludeFile.c
/home/pegasus/Documents/LLVM_Rust/CCR-master/llvm/mybuilddir/CMakeFiles/CMakeScratch/TryCompile-F5IWnT/CheckIncludeFile.c:1:10: fatal error: malloc/malloc.h: No such file or directory
 #include <malloc/malloc.h>
          ^~~~~~~~~~~~~~~~~
compilation terminated.
gmake[1]: *** [CMakeFiles/cmTC_64e37.dir/build.make:78: CMakeFiles/cmTC_64e37.dir/CheckIncludeFile.c.o] Error 1
gmake[1]: Leaving directory '/home/pegasus/Documents/LLVM_Rust/CCR-master/llvm/mybuilddir/CMakeFiles/CMakeScratch/TryCompile-F5IWnT'
gmake: *** [Makefile:127: cmTC_64e37/fast] Error 2



Determining if the include file valgrind/valgrind.h exists failed with the following output:
Change Dir: /home/pegasus/Documents/LLVM_Rust/CCR-master/llvm/mybuilddir/CMakeFiles/CMakeScratch/TryCompile-yBoWUE

Run Build Command(s):/usr/bin/gmake -f Makefile cmTC_8c8e0/fast && /usr/bin/gmake  -f CMakeFiles/cmTC_8c8e0.dir/build.make CMakeFiles/cmTC_8c8e0.dir/build
gmake[1]: Entering directory '/home/pegasus/Documents/LLVM_Rust/CCR-master/llvm/mybuilddir/CMakeFiles/CMakeScratch/TryCompile-yBoWUE'
Building C object CMakeFiles/cmTC_8c8e0.dir/CheckIncludeFile.c.o
/usr/bin/cc    -o CMakeFiles/cmTC_8c8e0.dir/CheckIncludeFile.c.o -c /home/pegasus/Documents/LLVM_Rust/CCR-master/llvm/mybuilddir/CMakeFiles/CMakeScratch/TryCompile-yBoWUE/CheckIncludeFile.c
/home/pegasus/Documents/LLVM_Rust/CCR-master/llvm/mybuilddir/CMakeFiles/CMakeScratch/TryCompile-yBoWUE/CheckIncludeFile.c:1:10: fatal error: valgrind/valgrind.h: No such file or directory
 #include <valgrind/valgrind.h>
          ^~~~~~~~~~~~~~~~~~~~~
compilation terminated.
gmake[1]: *** [CMakeFiles/cmTC_8c8e0.dir/build.make:78: CMakeFiles/cmTC_8c8e0.dir/CheckIncludeFile.c.o] Error 1
gmake[1]: Leaving directory '/home/pegasus/Documents/LLVM_Rust/CCR-master/llvm/mybuilddir/CMakeFiles/CMakeScratch/TryCompile-yBoWUE'
gmake: *** [Makefile:127: cmTC_8c8e0/fast] Error 2



Determining if the include file mach/mach.h exists failed with the following output:
Change Dir: /home/pegasus/Documents/LLVM_Rust/CCR-master/llvm/mybuilddir/CMakeFiles/CMakeScratch/TryCompile-0V4vmG

Run Build Command(s):/usr/bin/gmake -f Makefile cmTC_c05cb/fast && /usr/bin/gmake  -f CMakeFiles/cmTC_c05cb.dir/build.make CMakeFiles/cmTC_c05cb.dir/build
gmake[1]: Entering directory '/home/pegasus/Documents/LLVM_Rust/CCR-master/llvm/mybuilddir/CMakeFiles/CMakeScratch/TryCompile-0V4vmG'
Building C object CMakeFiles/cmTC_c05cb.dir/CheckIncludeFile.c.o
/usr/bin/cc    -o CMakeFiles/cmTC_c05cb.dir/CheckIncludeFile.c.o -c /home/pegasus/Documents/LLVM_Rust/CCR-master/llvm/mybuilddir/CMakeFiles/CMakeScratch/TryCompile-0V4vmG/CheckIncludeFile.c
/home/pegasus/Documents/LLVM_Rust/CCR-master/llvm/mybuilddir/CMakeFiles/CMakeScratch/TryCompile-0V4vmG/CheckIncludeFile.c:1:10: fatal error: mach/mach.h: No such file or directory
 #include <mach/mach.h>
          ^~~~~~~~~~~~~
compilation terminated.
gmake[1]: *** [CMakeFiles/cmTC_c05cb.dir/build.make:78: CMakeFiles/cmTC_c05cb.dir/CheckIncludeFile.c.o] Error 1
gmake[1]: Leaving directory '/home/pegasus/Documents/LLVM_Rust/CCR-master/llvm/mybuilddir/CMakeFiles/CMakeScratch/TryCompile-0V4vmG'
gmake: *** [Makefile:127: cmTC_c05cb/fast] Error 2



Determining if the include file CrashReporterClient.h exists failed with the following output:
Change Dir: /home/pegasus/Documents/LLVM_Rust/CCR-master/llvm/mybuilddir/CMakeFiles/CMakeScratch/TryCompile-27Pagv

Run Build Command(s):/usr/bin/gmake -f Makefile cmTC_aec1d/fast && /usr/bin/gmake  -f CMakeFiles/cmTC_aec1d.dir/build.make CMakeFiles/cmTC_aec1d.dir/build
gmake[1]: Entering directory '/home/pegasus/Documents/LLVM_Rust/CCR-master/llvm/mybuilddir/CMakeFiles/CMakeScratch/TryCompile-27Pagv'
Building C object CMakeFiles/cmTC_aec1d.dir/CheckIncludeFile.c.o
/usr/bin/cc    -o CMakeFiles/cmTC_aec1d.dir/CheckIncludeFile.c.o -c /home/pegasus/Documents/LLVM_Rust/CCR-master/llvm/mybuilddir/CMakeFiles/CMakeScratch/TryCompile-27Pagv/CheckIncludeFile.c
/home/pegasus/Documents/LLVM_Rust/CCR-master/llvm/mybuilddir/CMakeFiles/CMakeScratch/TryCompile-27Pagv/CheckIncludeFile.c:1:10: fatal error: CrashReporterClient.h: No such file or directory
 #include <CrashReporterClient.h>
          ^~~~~~~~~~~~~~~~~~~~~~~
compilation terminated.
gmake[1]: *** [CMakeFiles/cmTC_aec1d.dir/build.make:78: CMakeFiles/cmTC_aec1d.dir/CheckIncludeFile.c.o] Error 1
gmake[1]: Leaving directory '/home/pegasus/Documents/LLVM_Rust/CCR-master/llvm/mybuilddir/CMakeFiles/CMakeScratch/TryCompile-27Pagv'
gmake: *** [Makefile:127: cmTC_aec1d/fast] Error 2



Determining if the function pfm_initialize exists in the pfm failed with the following output:
Change Dir: /home/pegasus/Documents/LLVM_Rust/CCR-master/llvm/mybuilddir/CMakeFiles/CMakeScratch/TryCompile-qzKqKZ

Run Build Command(s):/usr/bin/gmake -f Makefile cmTC_6eced/fast && /usr/bin/gmake  -f CMakeFiles/cmTC_6eced.dir/build.make CMakeFiles/cmTC_6eced.dir/build
gmake[1]: Entering directory '/home/pegasus/Documents/LLVM_Rust/CCR-master/llvm/mybuilddir/CMakeFiles/CMakeScratch/TryCompile-qzKqKZ'
Building C object CMakeFiles/cmTC_6eced.dir/CheckFunctionExists.c.o
/usr/bin/cc   -DCHECK_FUNCTION_EXISTS=pfm_initialize -o CMakeFiles/cmTC_6eced.dir/CheckFunctionExists.c.o -c /home/pegasus/Documents/LLVM_Rust/CCR-master/llvm/mybuilddir/CMakeFiles/CMakeScratch/TryCompile-qzKqKZ/CheckFunctionExists.c
Linking C executable cmTC_6eced
/usr/local/bin/cmake -E cmake_link_script CMakeFiles/cmTC_6eced.dir/link.txt --verbose=1
/usr/bin/cc  -DCHECK_FUNCTION_EXISTS=pfm_initialize CMakeFiles/cmTC_6eced.dir/CheckFunctionExists.c.o -o cmTC_6eced  -lpfm -lm 
/usr/local/bin/ld: cannot find -lpfm: No such file or directory
collect2: error: ld returned 1 exit status
gmake[1]: *** [CMakeFiles/cmTC_6eced.dir/build.make:99: cmTC_6eced] Error 1
gmake[1]: Leaving directory '/home/pegasus/Documents/LLVM_Rust/CCR-master/llvm/mybuilddir/CMakeFiles/CMakeScratch/TryCompile-qzKqKZ'
gmake: *** [Makefile:127: cmTC_6eced/fast] Error 2



Determining if the function xar_open exists in the xar failed with the following output:
Change Dir: /home/pegasus/Documents/LLVM_Rust/CCR-master/llvm/mybuilddir/CMakeFiles/CMakeScratch/TryCompile-C2HrOq

Run Build Command(s):/usr/bin/gmake -f Makefile cmTC_229de/fast && /usr/bin/gmake  -f CMakeFiles/cmTC_229de.dir/build.make CMakeFiles/cmTC_229de.dir/build
gmake[1]: Entering directory '/home/pegasus/Documents/LLVM_Rust/CCR-master/llvm/mybuilddir/CMakeFiles/CMakeScratch/TryCompile-C2HrOq'
Building C object CMakeFiles/cmTC_229de.dir/CheckFunctionExists.c.o
/usr/bin/cc   -DCHECK_FUNCTION_EXISTS=xar_open -o CMakeFiles/cmTC_229de.dir/CheckFunctionExists.c.o -c /home/pegasus/Documents/LLVM_Rust/CCR-master/llvm/mybuilddir/CMakeFiles/CMakeScratch/TryCompile-C2HrOq/CheckFunctionExists.c
Linking C executable cmTC_229de
/usr/local/bin/cmake -E cmake_link_script CMakeFiles/cmTC_229de.dir/link.txt --verbose=1
/usr/bin/cc  -DCHECK_FUNCTION_EXISTS=xar_open CMakeFiles/cmTC_229de.dir/CheckFunctionExists.c.o -o cmTC_229de  -lxar -lm 
/usr/local/bin/ld: cannot find -lxar: No such file or directory
collect2: error: ld returned 1 exit status
gmake[1]: *** [CMakeFiles/cmTC_229de.dir/build.make:99: cmTC_229de] Error 1
gmake[1]: Leaving directory '/home/pegasus/Documents/LLVM_Rust/CCR-master/llvm/mybuilddir/CMakeFiles/CMakeScratch/TryCompile-C2HrOq'
gmake: *** [Makefile:127: cmTC_229de/fast] Error 2



Determining if the arc4random exist failed with the following output:
Change Dir: /home/pegasus/Documents/LLVM_Rust/CCR-master/llvm/mybuilddir/CMakeFiles/CMakeScratch/TryCompile-2VXi1m

Run Build Command(s):/usr/bin/gmake -f Makefile cmTC_115f1/fast && /usr/bin/gmake  -f CMakeFiles/cmTC_115f1.dir/build.make CMakeFiles/cmTC_115f1.dir/build
gmake[1]: Entering directory '/home/pegasus/Documents/LLVM_Rust/CCR-master/llvm/mybuilddir/CMakeFiles/CMakeScratch/TryCompile-2VXi1m'
Building C object CMakeFiles/cmTC_115f1.dir/CheckSymbolExists.c.o
/usr/bin/cc    -o CMakeFiles/cmTC_115f1.dir/CheckSymbolExists.c.o -c /home/pegasus/Documents/LLVM_Rust/CCR-master/llvm/mybuilddir/CMakeFiles/CMakeScratch/TryCompile-2VXi1m/CheckSymbolExists.c
/home/pegasus/Documents/LLVM_Rust/CCR-master/llvm/mybuilddir/CMakeFiles/CMakeScratch/TryCompile-2VXi1m/CheckSymbolExists.c: In function ‘main’:
/home/pegasus/Documents/LLVM_Rust/CCR-master/llvm/mybuilddir/CMakeFiles/CMakeScratch/TryCompile-2VXi1m/CheckSymbolExists.c:8:19: error: ‘arc4random’ undeclared (first use in this function); did you mean ‘srandom’?
   return ((int*)(&arc4random))[argc];
                   ^~~~~~~~~~
                   srandom
/home/pegasus/Documents/LLVM_Rust/CCR-master/llvm/mybuilddir/CMakeFiles/CMakeScratch/TryCompile-2VXi1m/CheckSymbolExists.c:8:19: note: each undeclared identifier is reported only once for each function it appears in
gmake[1]: *** [CMakeFiles/cmTC_115f1.dir/build.make:78: CMakeFiles/cmTC_115f1.dir/CheckSymbolExists.c.o] Error 1
gmake[1]: Leaving directory '/home/pegasus/Documents/LLVM_Rust/CCR-master/llvm/mybuilddir/CMakeFiles/CMakeScratch/TryCompile-2VXi1m'
gmake: *** [Makefile:127: cmTC_115f1/fast] Error 2


File CheckSymbolExists.c:
/* */
#include <stdlib.h>

int main(int argc, char** argv)
{
  (void)argv;
#ifndef arc4random
  return ((int*)(&arc4random))[argc];
#else
  (void)argc;
  return 0;
#endif
}
Performing C SOURCE FILE Test C_SUPPORTS_WERROR_UNGUARDED_AVAILABILITY_NEW failed with the following output:
Change Dir: /home/pegasus/Documents/LLVM_Rust/CCR-master/llvm/mybuilddir/CMakeFiles/CMakeScratch/TryCompile-GmMx6F

Run Build Command(s):/usr/bin/gmake -f Makefile cmTC_58e4a/fast && /usr/bin/gmake  -f CMakeFiles/cmTC_58e4a.dir/build.make CMakeFiles/cmTC_58e4a.dir/build
gmake[1]: Entering directory '/home/pegasus/Documents/LLVM_Rust/CCR-master/llvm/mybuilddir/CMakeFiles/CMakeScratch/TryCompile-GmMx6F'
Building C object CMakeFiles/cmTC_58e4a.dir/src.c.o
/usr/bin/cc -DC_SUPPORTS_WERROR_UNGUARDED_AVAILABILITY_NEW  -Werror=unguarded-availability-new -o CMakeFiles/cmTC_58e4a.dir/src.c.o -c /home/pegasus/Documents/LLVM_Rust/CCR-master/llvm/mybuilddir/CMakeFiles/CMakeScratch/TryCompile-GmMx6F/src.c
cc1: error: -Werror=unguarded-availability-new: no option -Wunguarded-availability-new
gmake[1]: *** [CMakeFiles/cmTC_58e4a.dir/build.make:78: CMakeFiles/cmTC_58e4a.dir/src.c.o] Error 1
gmake[1]: Leaving directory '/home/pegasus/Documents/LLVM_Rust/CCR-master/llvm/mybuilddir/CMakeFiles/CMakeScratch/TryCompile-GmMx6F'
gmake: *** [Makefile:127: cmTC_58e4a/fast] Error 2


Source file was:
int main(void) { return 0; }

Determining if the __unw_add_dynamic_fde exist failed with the following output:
Change Dir: /home/pegasus/Documents/LLVM_Rust/CCR-master/llvm/mybuilddir/CMakeFiles/CMakeScratch/TryCompile-WbQFmL

Run Build Command(s):/usr/bin/gmake -f Makefile cmTC_8b873/fast && /usr/bin/gmake  -f CMakeFiles/cmTC_8b873.dir/build.make CMakeFiles/cmTC_8b873.dir/build
gmake[1]: Entering directory '/home/pegasus/Documents/LLVM_Rust/CCR-master/llvm/mybuilddir/CMakeFiles/CMakeScratch/TryCompile-WbQFmL'
Building C object CMakeFiles/cmTC_8b873.dir/CheckSymbolExists.c.o
/usr/bin/cc    -o CMakeFiles/cmTC_8b873.dir/CheckSymbolExists.c.o -c /home/pegasus/Documents/LLVM_Rust/CCR-master/llvm/mybuilddir/CMakeFiles/CMakeScratch/TryCompile-WbQFmL/CheckSymbolExists.c
Linking C executable cmTC_8b873
/usr/local/bin/cmake -E cmake_link_script CMakeFiles/cmTC_8b873.dir/link.txt --verbose=1
/usr/bin/cc CMakeFiles/cmTC_8b873.dir/CheckSymbolExists.c.o -o cmTC_8b873  -lm 
/usr/local/bin/ld: CMakeFiles/cmTC_8b873.dir/CheckSymbolExists.c.o: in function `main':
CheckSymbolExists.c:(.text+0x1f): undefined reference to `__unw_add_dynamic_fde'
collect2: error: ld returned 1 exit status
gmake[1]: *** [CMakeFiles/cmTC_8b873.dir/build.make:99: cmTC_8b873] Error 1
gmake[1]: Leaving directory '/home/pegasus/Documents/LLVM_Rust/CCR-master/llvm/mybuilddir/CMakeFiles/CMakeScratch/TryCompile-WbQFmL'
gmake: *** [Makefile:127: cmTC_8b873/fast] Error 2


File CheckSymbolExists.c:
/* */
#include </home/pegasus/Documents/LLVM_Rust/CCR-master/llvm/cmake/unwind.h>

int main(int argc, char** argv)
{
  (void)argv;
#ifndef __unw_add_dynamic_fde
  return ((int*)(&__unw_add_dynamic_fde))[argc];
#else
  (void)argc;
  return 0;
#endif
}
Determining if the mallctl exist failed with the following output:
Change Dir: /home/pegasus/Documents/LLVM_Rust/CCR-master/llvm/mybuilddir/CMakeFiles/CMakeScratch/TryCompile-g9Tc05

Run Build Command(s):/usr/bin/gmake -f Makefile cmTC_5ad1c/fast && /usr/bin/gmake  -f CMakeFiles/cmTC_5ad1c.dir/build.make CMakeFiles/cmTC_5ad1c.dir/build
gmake[1]: Entering directory '/home/pegasus/Documents/LLVM_Rust/CCR-master/llvm/mybuilddir/CMakeFiles/CMakeScratch/TryCompile-g9Tc05'
Building C object CMakeFiles/cmTC_5ad1c.dir/CheckSymbolExists.c.o
/usr/bin/cc    -o CMakeFiles/cmTC_5ad1c.dir/CheckSymbolExists.c.o -c /home/pegasus/Documents/LLVM_Rust/CCR-master/llvm/mybuilddir/CMakeFiles/CMakeScratch/TryCompile-g9Tc05/CheckSymbolExists.c
/home/pegasus/Documents/LLVM_Rust/CCR-master/llvm/mybuilddir/CMakeFiles/CMakeScratch/TryCompile-g9Tc05/CheckSymbolExists.c:2:10: fatal error: malloc_np.h: No such file or directory
 #include <malloc_np.h>
          ^~~~~~~~~~~~~
compilation terminated.
gmake[1]: *** [CMakeFiles/cmTC_5ad1c.dir/build.make:78: CMakeFiles/cmTC_5ad1c.dir/CheckSymbolExists.c.o] Error 1
gmake[1]: Leaving directory '/home/pegasus/Documents/LLVM_Rust/CCR-master/llvm/mybuilddir/CMakeFiles/CMakeScratch/TryCompile-g9Tc05'
gmake: *** [Makefile:127: cmTC_5ad1c/fast] Error 2


File CheckSymbolExists.c:
/* */
#include <malloc_np.h>

int main(int argc, char** argv)
{
  (void)argv;
#ifndef mallctl
  return ((int*)(&mallctl))[argc];
#else
  (void)argc;
  return 0;
#endif
}
Determining if the malloc_zone_statistics exist failed with the following output:
Change Dir: /home/pegasus/Documents/LLVM_Rust/CCR-master/llvm/mybuilddir/CMakeFiles/CMakeScratch/TryCompile-AxPMLb

Run Build Command(s):/usr/bin/gmake -f Makefile cmTC_9c195/fast && /usr/bin/gmake  -f CMakeFiles/cmTC_9c195.dir/build.make CMakeFiles/cmTC_9c195.dir/build
gmake[1]: Entering directory '/home/pegasus/Documents/LLVM_Rust/CCR-master/llvm/mybuilddir/CMakeFiles/CMakeScratch/TryCompile-AxPMLb'
Building C object CMakeFiles/cmTC_9c195.dir/CheckSymbolExists.c.o
/usr/bin/cc    -o CMakeFiles/cmTC_9c195.dir/CheckSymbolExists.c.o -c /home/pegasus/Documents/LLVM_Rust/CCR-master/llvm/mybuilddir/CMakeFiles/CMakeScratch/TryCompile-AxPMLb/CheckSymbolExists.c
/home/pegasus/Documents/LLVM_Rust/CCR-master/llvm/mybuilddir/CMakeFiles/CMakeScratch/TryCompile-AxPMLb/CheckSymbolExists.c:2:10: fatal error: malloc/malloc.h: No such file or directory
 #include <malloc/malloc.h>
          ^~~~~~~~~~~~~~~~~
compilation terminated.
gmake[1]: *** [CMakeFiles/cmTC_9c195.dir/build.make:78: CMakeFiles/cmTC_9c195.dir/CheckSymbolExists.c.o] Error 1
gmake[1]: Leaving directory '/home/pegasus/Documents/LLVM_Rust/CCR-master/llvm/mybuilddir/CMakeFiles/CMakeScratch/TryCompile-AxPMLb'
gmake: *** [Makefile:127: cmTC_9c195/fast] Error 2


File CheckSymbolExists.c:
/* */
#include <malloc/malloc.h>

int main(int argc, char** argv)
{
  (void)argv;
#ifndef malloc_zone_statistics
  return ((int*)(&malloc_zone_statistics))[argc];
#else
  (void)argc;
  return 0;
#endif
}
Determining if the strerror_s exist failed with the following output:
Change Dir: /home/pegasus/Documents/LLVM_Rust/CCR-master/llvm/mybuilddir/CMakeFiles/CMakeScratch/TryCompile-4Af2kP

Run Build Command(s):/usr/bin/gmake -f Makefile cmTC_00d3e/fast && /usr/bin/gmake  -f CMakeFiles/cmTC_00d3e.dir/build.make CMakeFiles/cmTC_00d3e.dir/build
gmake[1]: Entering directory '/home/pegasus/Documents/LLVM_Rust/CCR-master/llvm/mybuilddir/CMakeFiles/CMakeScratch/TryCompile-4Af2kP'
Building C object CMakeFiles/cmTC_00d3e.dir/CheckSymbolExists.c.o
/usr/bin/cc    -o CMakeFiles/cmTC_00d3e.dir/CheckSymbolExists.c.o -c /home/pegasus/Documents/LLVM_Rust/CCR-master/llvm/mybuilddir/CMakeFiles/CMakeScratch/TryCompile-4Af2kP/CheckSymbolExists.c
/home/pegasus/Documents/LLVM_Rust/CCR-master/llvm/mybuilddir/CMakeFiles/CMakeScratch/TryCompile-4Af2kP/CheckSymbolExists.c: In function ‘main’:
/home/pegasus/Documents/LLVM_Rust/CCR-master/llvm/mybuilddir/CMakeFiles/CMakeScratch/TryCompile-4Af2kP/CheckSymbolExists.c:8:19: error: ‘strerror_s’ undeclared (first use in this function); did you mean ‘strerror_l’?
   return ((int*)(&strerror_s))[argc];
                   ^~~~~~~~~~
                   strerror_l
/home/pegasus/Documents/LLVM_Rust/CCR-master/llvm/mybuilddir/CMakeFiles/CMakeScratch/TryCompile-4Af2kP/CheckSymbolExists.c:8:19: note: each undeclared identifier is reported only once for each function it appears in
gmake[1]: *** [CMakeFiles/cmTC_00d3e.dir/build.make:78: CMakeFiles/cmTC_00d3e.dir/CheckSymbolExists.c.o] Error 1
gmake[1]: Leaving directory '/home/pegasus/Documents/LLVM_Rust/CCR-master/llvm/mybuilddir/CMakeFiles/CMakeScratch/TryCompile-4Af2kP'
gmake: *** [Makefile:127: cmTC_00d3e/fast] Error 2


File CheckSymbolExists.c:
/* */
#include <string.h>

int main(int argc, char** argv)
{
  (void)argv;
#ifndef strerror_s
  return ((int*)(&strerror_s))[argc];
#else
  (void)argc;
  return 0;
#endif
}
Determining if the dladdr exist failed with the following output:
Change Dir: /home/pegasus/Documents/LLVM_Rust/CCR-master/llvm/mybuilddir/CMakeFiles/CMakeScratch/TryCompile-9nUVkc

Run Build Command(s):/usr/bin/gmake -f Makefile cmTC_f6309/fast && /usr/bin/gmake  -f CMakeFiles/cmTC_f6309.dir/build.make CMakeFiles/cmTC_f6309.dir/build
gmake[1]: Entering directory '/home/pegasus/Documents/LLVM_Rust/CCR-master/llvm/mybuilddir/CMakeFiles/CMakeScratch/TryCompile-9nUVkc'
Building C object CMakeFiles/cmTC_f6309.dir/CheckSymbolExists.c.o
/usr/bin/cc    -o CMakeFiles/cmTC_f6309.dir/CheckSymbolExists.c.o -c /home/pegasus/Documents/LLVM_Rust/CCR-master/llvm/mybuilddir/CMakeFiles/CMakeScratch/TryCompile-9nUVkc/CheckSymbolExists.c
/home/pegasus/Documents/LLVM_Rust/CCR-master/llvm/mybuilddir/CMakeFiles/CMakeScratch/TryCompile-9nUVkc/CheckSymbolExists.c: In function ‘main’:
/home/pegasus/Documents/LLVM_Rust/CCR-master/llvm/mybuilddir/CMakeFiles/CMakeScratch/TryCompile-9nUVkc/CheckSymbolExists.c:8:19: error: ‘dladdr’ undeclared (first use in this function)
   return ((int*)(&dladdr))[argc];
                   ^~~~~~
/home/pegasus/Documents/LLVM_Rust/CCR-master/llvm/mybuilddir/CMakeFiles/CMakeScratch/TryCompile-9nUVkc/CheckSymbolExists.c:8:19: note: each undeclared identifier is reported only once for each function it appears in
gmake[1]: *** [CMakeFiles/cmTC_f6309.dir/build.make:78: CMakeFiles/cmTC_f6309.dir/CheckSymbolExists.c.o] Error 1
gmake[1]: Leaving directory '/home/pegasus/Documents/LLVM_Rust/CCR-master/llvm/mybuilddir/CMakeFiles/CMakeScratch/TryCompile-9nUVkc'
gmake: *** [Makefile:127: cmTC_f6309/fast] Error 2


File CheckSymbolExists.c:
/* */
#include <dlfcn.h>

int main(int argc, char** argv)
{
  (void)argv;
#ifndef dladdr
  return ((int*)(&dladdr))[argc];
#else
  (void)argc;
  return 0;
#endif
}
Performing C SOURCE FILE Test HAVE_STRUCT_STAT_ST_MTIMESPEC_TV_NSEC failed with the following output:
Change Dir: /home/pegasus/Documents/LLVM_Rust/CCR-master/llvm/mybuilddir/CMakeFiles/CMakeScratch/TryCompile-KARXY5

Run Build Command(s):/usr/bin/gmake -f Makefile cmTC_e6482/fast && /usr/bin/gmake  -f CMakeFiles/cmTC_e6482.dir/build.make CMakeFiles/cmTC_e6482.dir/build
gmake[1]: Entering directory '/home/pegasus/Documents/LLVM_Rust/CCR-master/llvm/mybuilddir/CMakeFiles/CMakeScratch/TryCompile-KARXY5'
Building C object CMakeFiles/cmTC_e6482.dir/src.c.o
/usr/bin/cc -DHAVE_STRUCT_STAT_ST_MTIMESPEC_TV_NSEC   -o CMakeFiles/cmTC_e6482.dir/src.c.o -c /home/pegasus/Documents/LLVM_Rust/CCR-master/llvm/mybuilddir/CMakeFiles/CMakeScratch/TryCompile-KARXY5/src.c
/home/pegasus/Documents/LLVM_Rust/CCR-master/llvm/mybuilddir/CMakeFiles/CMakeScratch/TryCompile-KARXY5/src.c: In function ‘main’:
/home/pegasus/Documents/LLVM_Rust/CCR-master/llvm/mybuilddir/CMakeFiles/CMakeScratch/TryCompile-KARXY5/src.c:7:36: error: ‘struct stat’ has no member named ‘st_mtimespec’; did you mean ‘st_mtim’?
   (void)sizeof(((struct stat *)0)->st_mtimespec.tv_nsec);
                                    ^~~~~~~~~~~~
                                    st_mtim
gmake[1]: *** [CMakeFiles/cmTC_e6482.dir/build.make:78: CMakeFiles/cmTC_e6482.dir/src.c.o] Error 1
gmake[1]: Leaving directory '/home/pegasus/Documents/LLVM_Rust/CCR-master/llvm/mybuilddir/CMakeFiles/CMakeScratch/TryCompile-KARXY5'
gmake: *** [Makefile:127: cmTC_e6482/fast] Error 2


Source file was:

#include <sys/types.h>
#include <sys/stat.h>

int main()
{
  (void)sizeof(((struct stat *)0)->st_mtimespec.tv_nsec);
  return 0;
}


Determining if the proc_pid_rusage exist failed with the following output:
Change Dir: /home/pegasus/Documents/LLVM_Rust/CCR-master/llvm/mybuilddir/CMakeFiles/CMakeScratch/TryCompile-5SzId9

Run Build Command(s):/usr/bin/gmake -f Makefile cmTC_40204/fast && /usr/bin/gmake  -f CMakeFiles/cmTC_40204.dir/build.make CMakeFiles/cmTC_40204.dir/build
gmake[1]: Entering directory '/home/pegasus/Documents/LLVM_Rust/CCR-master/llvm/mybuilddir/CMakeFiles/CMakeScratch/TryCompile-5SzId9'
Building C object CMakeFiles/cmTC_40204.dir/CheckSymbolExists.c.o
/usr/bin/cc -D_GNU_SOURCE   -o CMakeFiles/cmTC_40204.dir/CheckSymbolExists.c.o -c /home/pegasus/Documents/LLVM_Rust/CCR-master/llvm/mybuilddir/CMakeFiles/CMakeScratch/TryCompile-5SzId9/CheckSymbolExists.c
/home/pegasus/Documents/LLVM_Rust/CCR-master/llvm/mybuilddir/CMakeFiles/CMakeScratch/TryCompile-5SzId9/CheckSymbolExists.c:2:10: fatal error: libproc.h: No such file or directory
 #include <libproc.h>
          ^~~~~~~~~~~
compilation terminated.
gmake[1]: *** [CMakeFiles/cmTC_40204.dir/build.make:78: CMakeFiles/cmTC_40204.dir/CheckSymbolExists.c.o] Error 1
gmake[1]: Leaving directory '/home/pegasus/Documents/LLVM_Rust/CCR-master/llvm/mybuilddir/CMakeFiles/CMakeScratch/TryCompile-5SzId9'
gmake: *** [Makefile:127: cmTC_40204/fast] Error 2


File CheckSymbolExists.c:
/* */
#include <libproc.h>

int main(int argc, char** argv)
{
  (void)argv;
#ifndef proc_pid_rusage
  return ((int*)(&proc_pid_rusage))[argc];
#else
  (void)argc;
  return 0;
#endif
}
Performing C++ SOURCE FILE Test SUPPORTS_GNU_ZERO_VARIADIC_MACRO_ARGUMENTS_FLAG failed with the following output:
Change Dir: /home/pegasus/Documents/LLVM_Rust/CCR-master/llvm/mybuilddir/CMakeFiles/CMakeScratch/TryCompile-dVXuwX

Run Build Command(s):/usr/bin/gmake -f Makefile cmTC_0d18d/fast && /usr/bin/gmake  -f CMakeFiles/cmTC_0d18d.dir/build.make CMakeFiles/cmTC_0d18d.dir/build
gmake[1]: Entering directory '/home/pegasus/Documents/LLVM_Rust/CCR-master/llvm/mybuilddir/CMakeFiles/CMakeScratch/TryCompile-dVXuwX'
Building CXX object CMakeFiles/cmTC_0d18d.dir/src.cxx.o
/usr/bin/c++ -DSUPPORTS_GNU_ZERO_VARIADIC_MACRO_ARGUMENTS_FLAG  -Wgnu-zero-variadic-macro-arguments -std=c++14 -o CMakeFiles/cmTC_0d18d.dir/src.cxx.o -c /home/pegasus/Documents/LLVM_Rust/CCR-master/llvm/mybuilddir/CMakeFiles/CMakeScratch/TryCompile-dVXuwX/src.cxx
c++: error: unrecognized command line option '-Wgnu-zero-variadic-macro-arguments'; did you mean '-Wno-variadic-macros'?
gmake[1]: *** [CMakeFiles/cmTC_0d18d.dir/build.make:78: CMakeFiles/cmTC_0d18d.dir/src.cxx.o] Error 1
gmake[1]: Leaving directory '/home/pegasus/Documents/LLVM_Rust/CCR-master/llvm/mybuilddir/CMakeFiles/CMakeScratch/TryCompile-dVXuwX'
gmake: *** [Makefile:127: cmTC_0d18d/fast] Error 2


Source file was:
int main() { return 0; }

Performing C++ SOURCE FILE Test CXX_SUPPORTS_WERROR_UNGUARDED_AVAILABILITY_NEW failed with the following output:
Change Dir: /home/pegasus/Documents/LLVM_Rust/CCR-master/llvm/mybuilddir/CMakeFiles/CMakeScratch/TryCompile-UbmYr7

Run Build Command(s):/usr/bin/gmake -f Makefile cmTC_45a0b/fast && /usr/bin/gmake  -f CMakeFiles/cmTC_45a0b.dir/build.make CMakeFiles/cmTC_45a0b.dir/build
gmake[1]: Entering directory '/home/pegasus/Documents/LLVM_Rust/CCR-master/llvm/mybuilddir/CMakeFiles/CMakeScratch/TryCompile-UbmYr7'
Building CXX object CMakeFiles/cmTC_45a0b.dir/src.cxx.o
/usr/bin/c++ -DCXX_SUPPORTS_WERROR_UNGUARDED_AVAILABILITY_NEW  -fPIC -fno-semantic-interposition -fvisibility-inlines-hidden -Werror=date-time    -Werror -Werror=unguarded-availability-new -std=c++14 -o CMakeFiles/cmTC_45a0b.dir/src.cxx.o -c /home/pegasus/Documents/LLVM_Rust/CCR-master/llvm/mybuilddir/CMakeFiles/CMakeScratch/TryCompile-UbmYr7/src.cxx
cc1plus: error: -Werror=unguarded-availability-new: no option -Wunguarded-availability-new
gmake[1]: *** [CMakeFiles/cmTC_45a0b.dir/build.make:78: CMakeFiles/cmTC_45a0b.dir/src.cxx.o] Error 1
gmake[1]: Leaving directory '/home/pegasus/Documents/LLVM_Rust/CCR-master/llvm/mybuilddir/CMakeFiles/CMakeScratch/TryCompile-UbmYr7'
gmake: *** [Makefile:127: cmTC_45a0b/fast] Error 2


Source file was:
int main() { return 0; }

Performing C SOURCE FILE Test C_SUPPORTS_CXX98_COMPAT_EXTRA_SEMI_FLAG failed with the following output:
Change Dir: /home/pegasus/Documents/LLVM_Rust/CCR-master/llvm/mybuilddir/CMakeFiles/CMakeScratch/TryCompile-j67Fkh

Run Build Command(s):/usr/bin/gmake -f Makefile cmTC_7544d/fast && /usr/bin/gmake  -f CMakeFiles/cmTC_7544d.dir/build.make CMakeFiles/cmTC_7544d.dir/build
gmake[1]: Entering directory '/home/pegasus/Documents/LLVM_Rust/CCR-master/llvm/mybuilddir/CMakeFiles/CMakeScratch/TryCompile-j67Fkh'
Building C object CMakeFiles/cmTC_7544d.dir/src.c.o
/usr/bin/cc -DC_SUPPORTS_CXX98_COMPAT_EXTRA_SEMI_FLAG  -fPIC -fno-semantic-interposition -Werror=date-time -Wall -Wextra -Wno-unused-parameter -Wwrite-strings -Wno-missing-field-initializers -pedantic -Wno-long-long    -Werror -Wc++98-compat-extra-semi -o CMakeFiles/cmTC_7544d.dir/src.c.o -c /home/pegasus/Documents/LLVM_Rust/CCR-master/llvm/mybuilddir/CMakeFiles/CMakeScratch/TryCompile-j67Fkh/src.c
cc: error: unrecognized command line option '-Wc++98-compat-extra-semi'; did you mean '-Wno-extra-semi'?
gmake[1]: *** [CMakeFiles/cmTC_7544d.dir/build.make:78: CMakeFiles/cmTC_7544d.dir/src.c.o] Error 1
gmake[1]: Leaving directory '/home/pegasus/Documents/LLVM_Rust/CCR-master/llvm/mybuilddir/CMakeFiles/CMakeScratch/TryCompile-j67Fkh'
gmake: *** [Makefile:127: cmTC_7544d/fast] Error 2


Source file was:
int main(void) { return 0; }

Performing C++ SOURCE FILE Test CXX_SUPPORTS_CXX98_COMPAT_EXTRA_SEMI_FLAG failed with the following output:
Change Dir: /home/pegasus/Documents/LLVM_Rust/CCR-master/llvm/mybuilddir/CMakeFiles/CMakeScratch/TryCompile-5wcJ9l

Run Build Command(s):/usr/bin/gmake -f Makefile cmTC_40cc4/fast && /usr/bin/gmake  -f CMakeFiles/cmTC_40cc4.dir/build.make CMakeFiles/cmTC_40cc4.dir/build
gmake[1]: Entering directory '/home/pegasus/Documents/LLVM_Rust/CCR-master/llvm/mybuilddir/CMakeFiles/CMakeScratch/TryCompile-5wcJ9l'
Building CXX object CMakeFiles/cmTC_40cc4.dir/src.cxx.o
/usr/bin/c++ -DCXX_SUPPORTS_CXX98_COMPAT_EXTRA_SEMI_FLAG  -fPIC -fno-semantic-interposition -fvisibility-inlines-hidden -Werror=date-time -Wall -Wextra -Wno-unused-parameter -Wwrite-strings -Wcast-qual -Wno-missing-field-initializers -pedantic -Wno-long-long    -Werror -Wc++98-compat-extra-semi -std=c++14 -o CMakeFiles/cmTC_40cc4.dir/src.cxx.o -c /home/pegasus/Documents/LLVM_Rust/CCR-master/llvm/mybuilddir/CMakeFiles/CMakeScratch/TryCompile-5wcJ9l/src.cxx
c++: error: unrecognized command line option '-Wc++98-compat-extra-semi'; did you mean '-Wno-extra-semi'?
gmake[1]: *** [CMakeFiles/cmTC_40cc4.dir/build.make:78: CMakeFiles/cmTC_40cc4.dir/src.cxx.o] Error 1
gmake[1]: Leaving directory '/home/pegasus/Documents/LLVM_Rust/CCR-master/llvm/mybuilddir/CMakeFiles/CMakeScratch/TryCompile-5wcJ9l'
gmake: *** [Makefile:127: cmTC_40cc4/fast] Error 2


Source file was:
int main() { return 0; }

Performing C SOURCE FILE Test C_SUPPORTS_COVERED_SWITCH_DEFAULT_FLAG failed with the following output:
Change Dir: /home/pegasus/Documents/LLVM_Rust/CCR-master/llvm/mybuilddir/CMakeFiles/CMakeScratch/TryCompile-mSzmSA

Run Build Command(s):/usr/bin/gmake -f Makefile cmTC_9981a/fast && /usr/bin/gmake  -f CMakeFiles/cmTC_9981a.dir/build.make CMakeFiles/cmTC_9981a.dir/build
gmake[1]: Entering directory '/home/pegasus/Documents/LLVM_Rust/CCR-master/llvm/mybuilddir/CMakeFiles/CMakeScratch/TryCompile-mSzmSA'
Building C object CMakeFiles/cmTC_9981a.dir/src.c.o
/usr/bin/cc -DC_SUPPORTS_COVERED_SWITCH_DEFAULT_FLAG  -fPIC -fno-semantic-interposition -Werror=date-time -Wall -Wextra -Wno-unused-parameter -Wwrite-strings -Wno-missing-field-initializers -pedantic -Wno-long-long -Wimplicit-fallthrough    -Werror -Wcovered-switch-default -o CMakeFiles/cmTC_9981a.dir/src.c.o -c /home/pegasus/Documents/LLVM_Rust/CCR-master/llvm/mybuilddir/CMakeFiles/CMakeScratch/TryCompile-mSzmSA/src.c
cc: error: unrecognized command line option '-Wcovered-switch-default'; did you mean '-Wno-switch-default'?
gmake[1]: *** [CMakeFiles/cmTC_9981a.dir/build.make:78: CMakeFiles/cmTC_9981a.dir/src.c.o] Error 1
gmake[1]: Leaving directory '/home/pegasus/Documents/LLVM_Rust/CCR-master/llvm/mybuilddir/CMakeFiles/CMakeScratch/TryCompile-mSzmSA'
gmake: *** [Makefile:127: cmTC_9981a/fast] Error 2


Source file was:
int main(void) { return 0; }

Performing C++ SOURCE FILE Test CXX_SUPPORTS_COVERED_SWITCH_DEFAULT_FLAG failed with the following output:
Change Dir: /home/pegasus/Documents/LLVM_Rust/CCR-master/llvm/mybuilddir/CMakeFiles/CMakeScratch/TryCompile-JVoLHv

Run Build Command(s):/usr/bin/gmake -f Makefile cmTC_f1669/fast && /usr/bin/gmake  -f CMakeFiles/cmTC_f1669.dir/build.make CMakeFiles/cmTC_f1669.dir/build
gmake[1]: Entering directory '/home/pegasus/Documents/LLVM_Rust/CCR-master/llvm/mybuilddir/CMakeFiles/CMakeScratch/TryCompile-JVoLHv'
Building CXX object CMakeFiles/cmTC_f1669.dir/src.cxx.o
/usr/bin/c++ -DCXX_SUPPORTS_COVERED_SWITCH_DEFAULT_FLAG  -fPIC -fno-semantic-interposition -fvisibility-inlines-hidden -Werror=date-time -Wall -Wextra -Wno-unused-parameter -Wwrite-strings -Wcast-qual -Wno-missing-field-initializers -pedantic -Wno-long-long -Wimplicit-fallthrough    -Werror -Wcovered-switch-default -std=c++14 -o CMakeFiles/cmTC_f1669.dir/src.cxx.o -c /home/pegasus/Documents/LLVM_Rust/CCR-master/llvm/mybuilddir/CMakeFiles/CMakeScratch/TryCompile-JVoLHv/src.cxx
c++: error: unrecognized command line option '-Wcovered-switch-default'; did you mean '-Wno-switch-default'?
gmake[1]: *** [CMakeFiles/cmTC_f1669.dir/build.make:78: CMakeFiles/cmTC_f1669.dir/src.cxx.o] Error 1
gmake[1]: Leaving directory '/home/pegasus/Documents/LLVM_Rust/CCR-master/llvm/mybuilddir/CMakeFiles/CMakeScratch/TryCompile-JVoLHv'
gmake: *** [Makefile:127: cmTC_f1669/fast] Error 2


Source file was:
int main() { return 0; }

Performing C++ SOURCE FILE Test CXX_SUPPORTS_REDUNDANT_MOVE_FLAG failed with the following output:
Change Dir: /home/pegasus/Documents/LLVM_Rust/CCR-master/llvm/mybuilddir/CMakeFiles/CMakeScratch/TryCompile-owznLj

Run Build Command(s):/usr/bin/gmake -f Makefile cmTC_3dc30/fast && /usr/bin/gmake  -f CMakeFiles/cmTC_3dc30.dir/build.make CMakeFiles/cmTC_3dc30.dir/build
gmake[1]: Entering directory '/home/pegasus/Documents/LLVM_Rust/CCR-master/llvm/mybuilddir/CMakeFiles/CMakeScratch/TryCompile-owznLj'
Building CXX object CMakeFiles/cmTC_3dc30.dir/src.cxx.o
/usr/bin/c++ -DCXX_SUPPORTS_REDUNDANT_MOVE_FLAG  -fPIC -fno-semantic-interposition -fvisibility-inlines-hidden -Werror=date-time -Wall -Wextra -Wno-unused-parameter -Wwrite-strings -Wcast-qual -Wno-missing-field-initializers -pedantic -Wno-long-long -Wimplicit-fallthrough -Wno-maybe-uninitialized -Wno-class-memaccess    -Wredundant-move -std=c++14 -o CMakeFiles/cmTC_3dc30.dir/src.cxx.o -c /home/pegasus/Documents/LLVM_Rust/CCR-master/llvm/mybuilddir/CMakeFiles/CMakeScratch/TryCompile-owznLj/src.cxx
c++: error: unrecognized command line option '-Wredundant-move'; did you mean '-Wredundant-decls'?
gmake[1]: *** [CMakeFiles/cmTC_3dc30.dir/build.make:78: CMakeFiles/cmTC_3dc30.dir/src.cxx.o] Error 1
gmake[1]: Leaving directory '/home/pegasus/Documents/LLVM_Rust/CCR-master/llvm/mybuilddir/CMakeFiles/CMakeScratch/TryCompile-owznLj'
gmake: *** [Makefile:127: cmTC_3dc30/fast] Error 2


Source file was:
int main() { return 0; }

Performing C++ SOURCE FILE Test CXX_SUPPORTS_PESSIMIZING_MOVE_FLAG failed with the following output:
Change Dir: /home/pegasus/Documents/LLVM_Rust/CCR-master/llvm/mybuilddir/CMakeFiles/CMakeScratch/TryCompile-qmHmTZ

Run Build Command(s):/usr/bin/gmake -f Makefile cmTC_3bfc0/fast && /usr/bin/gmake  -f CMakeFiles/cmTC_3bfc0.dir/build.make CMakeFiles/cmTC_3bfc0.dir/build
gmake[1]: Entering directory '/home/pegasus/Documents/LLVM_Rust/CCR-master/llvm/mybuilddir/CMakeFiles/CMakeScratch/TryCompile-qmHmTZ'
Building CXX object CMakeFiles/cmTC_3bfc0.dir/src.cxx.o
/usr/bin/c++ -DCXX_SUPPORTS_PESSIMIZING_MOVE_FLAG  -fPIC -fno-semantic-interposition -fvisibility-inlines-hidden -Werror=date-time -Wall -Wextra -Wno-unused-parameter -Wwrite-strings -Wcast-qual -Wno-missing-field-initializers -pedantic -Wno-long-long -Wimplicit-fallthrough -Wno-maybe-uninitialized -Wno-class-memaccess    -Wpessimizing-move -std=c++14 -o CMakeFiles/cmTC_3bfc0.dir/src.cxx.o -c /home/pegasus/Documents/LLVM_Rust/CCR-master/llvm/mybuilddir/CMakeFiles/CMakeScratch/TryCompile-qmHmTZ/src.cxx
c++: error: unrecognized command line option '-Wpessimizing-move'
gmake[1]: *** [CMakeFiles/cmTC_3bfc0.dir/build.make:78: CMakeFiles/cmTC_3bfc0.dir/src.cxx.o] Error 1
gmake[1]: Leaving directory '/home/pegasus/Documents/LLVM_Rust/CCR-master/llvm/mybuilddir/CMakeFiles/CMakeScratch/TryCompile-qmHmTZ'
gmake: *** [Makefile:127: cmTC_3bfc0/fast] Error 2


Source file was:
int main() { return 0; }

Performing C++ SOURCE FILE Test CXX_WONT_WARN_ON_FINAL_NONVIRTUALDTOR failed with the following output:
Change Dir: /home/pegasus/Documents/LLVM_Rust/CCR-master/llvm/mybuilddir/CMakeFiles/CMakeScratch/TryCompile-CMc7Fn

Run Build Command(s):/usr/bin/gmake -f Makefile cmTC_c0d4c/fast && /usr/bin/gmake  -f CMakeFiles/cmTC_c0d4c.dir/build.make CMakeFiles/cmTC_c0d4c.dir/build
gmake[1]: Entering directory '/home/pegasus/Documents/LLVM_Rust/CCR-master/llvm/mybuilddir/CMakeFiles/CMakeScratch/TryCompile-CMc7Fn'
Building CXX object CMakeFiles/cmTC_c0d4c.dir/src.cxx.o
/usr/bin/c++ -DCXX_WONT_WARN_ON_FINAL_NONVIRTUALDTOR -D_GNU_SOURCE  -fPIC -fno-semantic-interposition -fvisibility-inlines-hidden -Werror=date-time -Wall -Wextra -Wno-unused-parameter -Wwrite-strings -Wcast-qual -Wno-missing-field-initializers -pedantic -Wno-long-long -Wimplicit-fallthrough -Wno-maybe-uninitialized -Wno-class-memaccess -Wno-noexcept-type  -Werror=non-virtual-dtor -std=c++14 -o CMakeFiles/cmTC_c0d4c.dir/src.cxx.o -c /home/pegasus/Documents/LLVM_Rust/CCR-master/llvm/mybuilddir/CMakeFiles/CMakeScratch/TryCompile-CMc7Fn/src.cxx
/home/pegasus/Documents/LLVM_Rust/CCR-master/llvm/mybuilddir/CMakeFiles/CMakeScratch/TryCompile-CMc7Fn/src.cxx:2:36: error: ‘class base’ has virtual functions and accessible non-virtual destructor [-Werror=non-virtual-dtor]
                              class base {friend f; public: virtual void anchor();protected: ~base();};
                                    ^~~~
cc1plus: some warnings being treated as errors
gmake[1]: *** [CMakeFiles/cmTC_c0d4c.dir/build.make:78: CMakeFiles/cmTC_c0d4c.dir/src.cxx.o] Error 1
gmake[1]: Leaving directory '/home/pegasus/Documents/LLVM_Rust/CCR-master/llvm/mybuilddir/CMakeFiles/CMakeScratch/TryCompile-CMc7Fn'
gmake: *** [Makefile:127: cmTC_c0d4c/fast] Error 2


Source file was:
class f {};
                             class base {friend f; public: virtual void anchor();protected: ~base();};
                             int main() { return 0; }

Performing C++ SOURCE FILE Test CXX_WSUGGEST_OVERRIDE_ALLOWS_ONLY_FINAL failed with the following output:
Change Dir: /home/pegasus/Documents/LLVM_Rust/CCR-master/llvm/mybuilddir/CMakeFiles/CMakeScratch/TryCompile-TYS2SX

Run Build Command(s):/usr/bin/gmake -f Makefile cmTC_142cc/fast && /usr/bin/gmake  -f CMakeFiles/cmTC_142cc.dir/build.make CMakeFiles/cmTC_142cc.dir/build
gmake[1]: Entering directory '/home/pegasus/Documents/LLVM_Rust/CCR-master/llvm/mybuilddir/CMakeFiles/CMakeScratch/TryCompile-TYS2SX'
Building CXX object CMakeFiles/cmTC_142cc.dir/src.cxx.o
/usr/bin/c++ -DCXX_WSUGGEST_OVERRIDE_ALLOWS_ONLY_FINAL -D_GNU_SOURCE  -fPIC -fno-semantic-interposition -fvisibility-inlines-hidden -Werror=date-time -Wall -Wextra -Wno-unused-parameter -Wwrite-strings -Wcast-qual -Wno-missing-field-initializers -pedantic -Wno-long-long -Wimplicit-fallthrough -Wno-maybe-uninitialized -Wno-class-memaccess -Wno-noexcept-type -Wdelete-non-virtual-dtor  -Werror=suggest-override -std=c++14 -o CMakeFiles/cmTC_142cc.dir/src.cxx.o -c /home/pegasus/Documents/LLVM_Rust/CCR-master/llvm/mybuilddir/CMakeFiles/CMakeScratch/TryCompile-TYS2SX/src.cxx
/home/pegasus/Documents/LLVM_Rust/CCR-master/llvm/mybuilddir/CMakeFiles/CMakeScratch/TryCompile-TYS2SX/src.cxx:2:67: error: ‘virtual void derived::anchor()’ can be marked override [-Werror=suggest-override]
                                class derived : base {public: void anchor() final;};
                                                                   ^~~~~~
cc1plus: some warnings being treated as errors
gmake[1]: *** [CMakeFiles/cmTC_142cc.dir/build.make:78: CMakeFiles/cmTC_142cc.dir/src.cxx.o] Error 1
gmake[1]: Leaving directory '/home/pegasus/Documents/LLVM_Rust/CCR-master/llvm/mybuilddir/CMakeFiles/CMakeScratch/TryCompile-TYS2SX'
gmake: *** [Makefile:127: cmTC_142cc/fast] Error 2


Source file was:
class base {public: virtual void anchor();};
                               class derived : base {public: void anchor() final;};
                               int main() { return 0; }

Performing C SOURCE FILE Test C_WCOMMENT_ALLOWS_LINE_WRAP failed with the following output:
Change Dir: /home/pegasus/Documents/LLVM_Rust/CCR-master/llvm/mybuilddir/CMakeFiles/CMakeScratch/TryCompile-3500LZ

Run Build Command(s):/usr/bin/gmake -f Makefile cmTC_9c9ee/fast && /usr/bin/gmake  -f CMakeFiles/cmTC_9c9ee.dir/build.make CMakeFiles/cmTC_9c9ee.dir/build
gmake[1]: Entering directory '/home/pegasus/Documents/LLVM_Rust/CCR-master/llvm/mybuilddir/CMakeFiles/CMakeScratch/TryCompile-3500LZ'
Building C object CMakeFiles/cmTC_9c9ee.dir/src.c.o
/usr/bin/cc -DC_WCOMMENT_ALLOWS_LINE_WRAP -D_GNU_SOURCE  -fPIC -fno-semantic-interposition -Werror=date-time -Wall -Wextra -Wno-unused-parameter -Wwrite-strings -Wno-missing-field-initializers -pedantic -Wno-long-long -Wimplicit-fallthrough  -Werror -Wcomment -o CMakeFiles/cmTC_9c9ee.dir/src.c.o -c /home/pegasus/Documents/LLVM_Rust/CCR-master/llvm/mybuilddir/CMakeFiles/CMakeScratch/TryCompile-3500LZ/src.c
/home/pegasus/Documents/LLVM_Rust/CCR-master/llvm/mybuilddir/CMakeFiles/CMakeScratch/TryCompile-3500LZ/src.c:1:1: error: multi-line comment [-Werror=comment]
 // \
 ^
cc1: all warnings being treated as errors
gmake[1]: *** [CMakeFiles/cmTC_9c9ee.dir/build.make:78: CMakeFiles/cmTC_9c9ee.dir/src.c.o] Error 1
gmake[1]: Leaving directory '/home/pegasus/Documents/LLVM_Rust/CCR-master/llvm/mybuilddir/CMakeFiles/CMakeScratch/TryCompile-3500LZ'
gmake: *** [Makefile:127: cmTC_9c9ee/fast] Error 2


Source file was:
// \
//
int main() {return 0;}

Performing C SOURCE FILE Test C_SUPPORTS_STRING_CONVERSION_FLAG failed with the following output:
Change Dir: /home/pegasus/Documents/LLVM_Rust/CCR-master/llvm/mybuilddir/CMakeFiles/CMakeScratch/TryCompile-1pkVCQ

Run Build Command(s):/usr/bin/gmake -f Makefile cmTC_7502d/fast && /usr/bin/gmake  -f CMakeFiles/cmTC_7502d.dir/build.make CMakeFiles/cmTC_7502d.dir/build
gmake[1]: Entering directory '/home/pegasus/Documents/LLVM_Rust/CCR-master/llvm/mybuilddir/CMakeFiles/CMakeScratch/TryCompile-1pkVCQ'
Building C object CMakeFiles/cmTC_7502d.dir/src.c.o
/usr/bin/cc -DC_SUPPORTS_STRING_CONVERSION_FLAG  -fPIC -fno-semantic-interposition -Werror=date-time -Wall -Wextra -Wno-unused-parameter -Wwrite-strings -Wno-missing-field-initializers -pedantic -Wno-long-long -Wimplicit-fallthrough -Wno-comment    -Werror -Wstring-conversion -o CMakeFiles/cmTC_7502d.dir/src.c.o -c /home/pegasus/Documents/LLVM_Rust/CCR-master/llvm/mybuilddir/CMakeFiles/CMakeScratch/TryCompile-1pkVCQ/src.c
cc: error: unrecognized command line option '-Wstring-conversion'; did you mean '-Wint-conversion'?
gmake[1]: *** [CMakeFiles/cmTC_7502d.dir/build.make:78: CMakeFiles/cmTC_7502d.dir/src.c.o] Error 1
gmake[1]: Leaving directory '/home/pegasus/Documents/LLVM_Rust/CCR-master/llvm/mybuilddir/CMakeFiles/CMakeScratch/TryCompile-1pkVCQ'
gmake: *** [Makefile:127: cmTC_7502d/fast] Error 2


Source file was:
int main(void) { return 0; }

Performing C++ SOURCE FILE Test CXX_SUPPORTS_STRING_CONVERSION_FLAG failed with the following output:
Change Dir: /home/pegasus/Documents/LLVM_Rust/CCR-master/llvm/mybuilddir/CMakeFiles/CMakeScratch/TryCompile-bl75Yg

Run Build Command(s):/usr/bin/gmake -f Makefile cmTC_67110/fast && /usr/bin/gmake  -f CMakeFiles/cmTC_67110.dir/build.make CMakeFiles/cmTC_67110.dir/build
gmake[1]: Entering directory '/home/pegasus/Documents/LLVM_Rust/CCR-master/llvm/mybuilddir/CMakeFiles/CMakeScratch/TryCompile-bl75Yg'
Building CXX object CMakeFiles/cmTC_67110.dir/src.cxx.o
/usr/bin/c++ -DCXX_SUPPORTS_STRING_CONVERSION_FLAG  -fPIC -fno-semantic-interposition -fvisibility-inlines-hidden -Werror=date-time -Wall -Wextra -Wno-unused-parameter -Wwrite-strings -Wcast-qual -Wno-missing-field-initializers -pedantic -Wno-long-long -Wimplicit-fallthrough -Wno-maybe-uninitialized -Wno-class-memaccess -Wno-noexcept-type -Wdelete-non-virtual-dtor -Wno-comment    -Werror -Wstring-conversion -std=c++14 -o CMakeFiles/cmTC_67110.dir/src.cxx.o -c /home/pegasus/Documents/LLVM_Rust/CCR-master/llvm/mybuilddir/CMakeFiles/CMakeScratch/TryCompile-bl75Yg/src.cxx
c++: error: unrecognized command line option '-Wstring-conversion'; did you mean '-Wint-conversion'?
gmake[1]: *** [CMakeFiles/cmTC_67110.dir/build.make:78: CMakeFiles/cmTC_67110.dir/src.cxx.o] Error 1
gmake[1]: Leaving directory '/home/pegasus/Documents/LLVM_Rust/CCR-master/llvm/mybuilddir/CMakeFiles/CMakeScratch/TryCompile-bl75Yg'
gmake: *** [Makefile:127: cmTC_67110/fast] Error 2


Source file was:
int main() { return 0; }

Determining if the os_signpost_interval_begin exist failed with the following output:
Change Dir: /home/pegasus/Documents/LLVM_Rust/CCR-master/llvm/mybuilddir/CMakeFiles/CMakeScratch/TryCompile-jro1mv

Run Build Command(s):/usr/bin/gmake -f Makefile cmTC_bf1be/fast && /usr/bin/gmake  -f CMakeFiles/cmTC_bf1be.dir/build.make CMakeFiles/cmTC_bf1be.dir/build
gmake[1]: Entering directory '/home/pegasus/Documents/LLVM_Rust/CCR-master/llvm/mybuilddir/CMakeFiles/CMakeScratch/TryCompile-jro1mv'
Building C object CMakeFiles/cmTC_bf1be.dir/CheckSymbolExists.c.o
/usr/bin/cc -D_GNU_SOURCE  -fPIC -fno-semantic-interposition -Wall -Wextra -Wno-unused-parameter -Wwrite-strings -Wno-missing-field-initializers -pedantic -Wno-long-long -Wimplicit-fallthrough -Wno-comment -Wmisleading-indentation  -o CMakeFiles/cmTC_bf1be.dir/CheckSymbolExists.c.o -c /home/pegasus/Documents/LLVM_Rust/CCR-master/llvm/mybuilddir/CMakeFiles/CMakeScratch/TryCompile-jro1mv/CheckSymbolExists.c
/home/pegasus/Documents/LLVM_Rust/CCR-master/llvm/mybuilddir/CMakeFiles/CMakeScratch/TryCompile-jro1mv/CheckSymbolExists.c:2:10: fatal error: os/signpost.h: No such file or directory
 #include <os/signpost.h>
          ^~~~~~~~~~~~~~~
compilation terminated.
gmake[1]: *** [CMakeFiles/cmTC_bf1be.dir/build.make:78: CMakeFiles/cmTC_bf1be.dir/CheckSymbolExists.c.o] Error 1
gmake[1]: Leaving directory '/home/pegasus/Documents/LLVM_Rust/CCR-master/llvm/mybuilddir/CMakeFiles/CMakeScratch/TryCompile-jro1mv'
gmake: *** [Makefile:127: cmTC_bf1be/fast] Error 2


File CheckSymbolExists.c:
/* */
#include <os/signpost.h>

int main(int argc, char** argv)
{
  (void)argv;
#ifndef os_signpost_interval_begin
  return ((int*)(&os_signpost_interval_begin))[argc];
#else
  (void)argc;
  return 0;
#endif
}
Performing C++ SOURCE FILE Test HAS_WERROR_GLOBAL_CTORS failed with the following output:
Change Dir: /home/pegasus/Documents/LLVM_Rust/CCR-master/llvm/mybuilddir/CMakeFiles/CMakeScratch/TryCompile-2SjjQJ

Run Build Command(s):/usr/bin/gmake -f Makefile cmTC_dc116/fast && /usr/bin/gmake  -f CMakeFiles/cmTC_dc116.dir/build.make CMakeFiles/cmTC_dc116.dir/build
gmake[1]: Entering directory '/home/pegasus/Documents/LLVM_Rust/CCR-master/llvm/mybuilddir/CMakeFiles/CMakeScratch/TryCompile-2SjjQJ'
Building CXX object CMakeFiles/cmTC_dc116.dir/src.cxx.o
/usr/bin/c++ -DHAS_WERROR_GLOBAL_CTORS  -fPIC -fno-semantic-interposition -fvisibility-inlines-hidden -Werror=date-time -Wall -Wextra -Wno-unused-parameter -Wwrite-strings -Wcast-qual -Wno-missing-field-initializers -pedantic -Wno-long-long -Wimplicit-fallthrough -Wno-maybe-uninitialized -Wno-class-memaccess -Wno-noexcept-type -Wdelete-non-virtual-dtor -Wno-comment -Wmisleading-indentation    -Werror=global-constructors -std=c++14 -o CMakeFiles/cmTC_dc116.dir/src.cxx.o -c /home/pegasus/Documents/LLVM_Rust/CCR-master/llvm/mybuilddir/CMakeFiles/CMakeScratch/TryCompile-2SjjQJ/src.cxx
cc1plus: error: -Werror=global-constructors: no option -Wglobal-constructors
gmake[1]: *** [CMakeFiles/cmTC_dc116.dir/build.make:78: CMakeFiles/cmTC_dc116.dir/src.cxx.o] Error 1
gmake[1]: Leaving directory '/home/pegasus/Documents/LLVM_Rust/CCR-master/llvm/mybuilddir/CMakeFiles/CMakeScratch/TryCompile-2SjjQJ'
gmake: *** [Makefile:127: cmTC_dc116/fast] Error 2


Source file was:
int main() { return 0; }

Performing C++ SOURCE FILE Test HAVE_CXX_FLAG_WSHORTEN_64_TO_32 failed with the following output:
Change Dir: /home/pegasus/Documents/LLVM_Rust/CCR-master/llvm/mybuilddir/CMakeFiles/CMakeScratch/TryCompile-v1ETja

Run Build Command(s):/usr/bin/gmake -f Makefile cmTC_8bc76/fast && /usr/bin/gmake  -f CMakeFiles/cmTC_8bc76.dir/build.make CMakeFiles/cmTC_8bc76.dir/build
gmake[1]: Entering directory '/home/pegasus/Documents/LLVM_Rust/CCR-master/llvm/mybuilddir/CMakeFiles/CMakeScratch/TryCompile-v1ETja'
Building CXX object CMakeFiles/cmTC_8bc76.dir/src.cxx.o
/usr/bin/c++ -DHAVE_CXX_FLAG_WSHORTEN_64_TO_32  -fPIC -fno-semantic-interposition -fvisibility-inlines-hidden -Werror=date-time -Wall -Wextra -Wno-unused-parameter -Wwrite-strings -Wcast-qual -Wno-missing-field-initializers -pedantic -Wno-long-long -Wimplicit-fallthrough -Wno-maybe-uninitialized -Wno-class-memaccess -Wno-noexcept-type -Wdelete-non-virtual-dtor -Wno-comment -Wmisleading-indentation  -std=c++11  -Wall  -Wextra  -Wshadow  -Wsuggest-override  -pedantic  -pedantic-errors  -Wshorten-64-to-32   -Wshorten-64-to-32 -std=c++14 -o CMakeFiles/cmTC_8bc76.dir/src.cxx.o -c /home/pegasus/Documents/LLVM_Rust/CCR-master/llvm/mybuilddir/CMakeFiles/CMakeScratch/TryCompile-v1ETja/src.cxx
c++: error: unrecognized command line option '-Wshorten-64-to-32'
c++: error: unrecognized command line option '-Wshorten-64-to-32'
gmake[1]: *** [CMakeFiles/cmTC_8bc76.dir/build.make:78: CMakeFiles/cmTC_8bc76.dir/src.cxx.o] Error 1
gmake[1]: Leaving directory '/home/pegasus/Documents/LLVM_Rust/CCR-master/llvm/mybuilddir/CMakeFiles/CMakeScratch/TryCompile-v1ETja'
gmake: *** [Makefile:127: cmTC_8bc76/fast] Error 2


Source file was:
int main() { return 0; }

Performing C++ SOURCE FILE Test HAVE_CXX_FLAG_WD654 failed with the following output:
Change Dir: /home/pegasus/Documents/LLVM_Rust/CCR-master/llvm/mybuilddir/CMakeFiles/CMakeScratch/TryCompile-170SgY

Run Build Command(s):/usr/bin/gmake -f Makefile cmTC_99ad4/fast && /usr/bin/gmake  -f CMakeFiles/cmTC_99ad4.dir/build.make CMakeFiles/cmTC_99ad4.dir/build
gmake[1]: Entering directory '/home/pegasus/Documents/LLVM_Rust/CCR-master/llvm/mybuilddir/CMakeFiles/CMakeScratch/TryCompile-170SgY'
Building CXX object CMakeFiles/cmTC_99ad4.dir/src.cxx.o
/usr/bin/c++ -DHAVE_CXX_FLAG_WD654  -fPIC -fno-semantic-interposition -fvisibility-inlines-hidden -Werror=date-time -Wall -Wextra -Wno-unused-parameter -Wwrite-strings -Wcast-qual -Wno-missing-field-initializers -pedantic -Wno-long-long -Wimplicit-fallthrough -Wno-maybe-uninitialized -Wno-class-memaccess -Wno-noexcept-type -Wdelete-non-virtual-dtor -Wno-comment -Wmisleading-indentation  -std=c++11  -Wall  -Wextra  -Wshadow  -Wsuggest-override  -pedantic  -pedantic-errors  -fstrict-aliasing  -Wno-deprecated-declarations  -fno-exceptions  -Wstrict-aliasing  -wd654   -wd654 -std=c++14 -o CMakeFiles/cmTC_99ad4.dir/src.cxx.o -c /home/pegasus/Documents/LLVM_Rust/CCR-master/llvm/mybuilddir/CMakeFiles/CMakeScratch/TryCompile-170SgY/src.cxx
c++: error: unrecognized command line option '-wd654'
c++: error: unrecognized command line option '-wd654'
gmake[1]: *** [CMakeFiles/cmTC_99ad4.dir/build.make:78: CMakeFiles/cmTC_99ad4.dir/src.cxx.o] Error 1
gmake[1]: Leaving directory '/home/pegasus/Documents/LLVM_Rust/CCR-master/llvm/mybuilddir/CMakeFiles/CMakeScratch/TryCompile-170SgY'
gmake: *** [Makefile:127: cmTC_99ad4/fast] Error 2


Source file was:
int main() { return 0; }

Performing C++ SOURCE FILE Test HAVE_CXX_FLAG_WTHREAD_SAFETY failed with the following output:
Change Dir: /home/pegasus/Documents/LLVM_Rust/CCR-master/llvm/mybuilddir/CMakeFiles/CMakeScratch/TryCompile-2fudpI

Run Build Command(s):/usr/bin/gmake -f Makefile cmTC_e2c8c/fast && /usr/bin/gmake  -f CMakeFiles/cmTC_e2c8c.dir/build.make CMakeFiles/cmTC_e2c8c.dir/build
gmake[1]: Entering directory '/home/pegasus/Documents/LLVM_Rust/CCR-master/llvm/mybuilddir/CMakeFiles/CMakeScratch/TryCompile-2fudpI'
Building CXX object CMakeFiles/cmTC_e2c8c.dir/src.cxx.o
/usr/bin/c++ -DHAVE_CXX_FLAG_WTHREAD_SAFETY  -fPIC -fno-semantic-interposition -fvisibility-inlines-hidden -Werror=date-time -Wall -Wextra -Wno-unused-parameter -Wwrite-strings -Wcast-qual -Wno-missing-field-initializers -pedantic -Wno-long-long -Wimplicit-fallthrough -Wno-maybe-uninitialized -Wno-class-memaccess -Wno-noexcept-type -Wdelete-non-virtual-dtor -Wno-comment -Wmisleading-indentation  -std=c++11  -Wall  -Wextra  -Wshadow  -Wsuggest-override  -pedantic  -pedantic-errors  -fstrict-aliasing  -Wno-deprecated-declarations  -fno-exceptions  -Wstrict-aliasing  -Wthread-safety   -Wthread-safety -std=c++14 -o CMakeFiles/cmTC_e2c8c.dir/src.cxx.o -c /home/pegasus/Documents/LLVM_Rust/CCR-master/llvm/mybuilddir/CMakeFiles/CMakeScratch/TryCompile-2fudpI/src.cxx
c++: error: unrecognized command line option '-Wthread-safety'; did you mean '-fthread-jumps'?
c++: error: unrecognized command line option '-Wthread-safety'; did you mean '-fthread-jumps'?
gmake[1]: *** [CMakeFiles/cmTC_e2c8c.dir/build.make:78: CMakeFiles/cmTC_e2c8c.dir/src.cxx.o] Error 1
gmake[1]: Leaving directory '/home/pegasus/Documents/LLVM_Rust/CCR-master/llvm/mybuilddir/CMakeFiles/CMakeScratch/TryCompile-2fudpI'
gmake: *** [Makefile:127: cmTC_e2c8c/fast] Error 2


Source file was:
int main() { return 0; }

